============================================ 
vr 21/11/2025 10:07:53,97 - Starting Ambulance Planning 
============================================ 
Environment configured 
Running pm2 resurrect... 
[32m[PM2] [39mResurrecting
[32m[PM2] [39mRestoring processes located in C:\Users\jeva400\.pm2\dump.pm2
[32m[PM2] [39mProcess C:\ambulance-planning\dist\index.js restored
┌────┬───────────────────────┬─────────────┬─────────┬─────────┬──────────┬────────┬──────┬───────────┬──────────┬──────────┬──────────┬──────────┐
│ id │ name                  │ namespace   │ version │ mode    │ pid      │ uptime │ ↺    │ status    │ cpu      │ mem      │ user     │ watching │
├────┼───────────────────────┼─────────────┼─────────┼─────────┼──────────┼────────┼──────┼───────────┼──────────┼──────────┼──────────┼──────────┤
│ [1m[36m0[39m[22m  │ ambulance-planning    │ default     │ 1.0.0   │ [7m[1mfork[22m[27m    │ 34528    │ 0s     │ 0    │ [32m[1monline[22m[39m    │ 0%       │ 75.0mb   │ [1mjeva400[22m  │ [90mdisabled[39m │
└────┴───────────────────────┴─────────────┴─────────┴─────────┴──────────┴────────┴──────┴───────────┴──────────┴──────────┴──────────┴──────────┘
Final PM2 status: 
┌────┬───────────────────────┬─────────────┬─────────┬─────────┬──────────┬────────┬──────┬───────────┬──────────┬──────────┬──────────┬──────────┐
│ id │ name                  │ namespace   │ version │ mode    │ pid      │ uptime │ ↺    │ status    │ cpu      │ mem      │ user     │ watching │
├────┼───────────────────────┼─────────────┼─────────┼─────────┼──────────┼────────┼──────┼───────────┼──────────┼──────────┼──────────┼──────────┤
│ [1m[36m0[39m[22m  │ ambulance-planning    │ default     │ 1.0.0   │ [7m[1mfork[22m[27m    │ 34528    │ 3s     │ 0    │ [32m[1monline[22m[39m    │ 0%       │ 153.5mb  │ [1mjeva400[22m  │ [90mdisabled[39m │
└────┴───────────────────────┴─────────────┴─────────┴─────────┴──────────┴────────┴──────┴───────────┴──────────┴──────────┴──────────┴──────────┘
vr 21/11/2025 10:07:58,37 - Startup script complete 
============================================ 
============================================ 
vr 21/11/2025 10:26:21,53 - Starting Ambulance Planning 
============================================ 
Environment configured 
Running pm2 resurrect... 
[32m[PM2] [39mResurrecting
[32m[PM2] [39mRestoring processes located in C:\Users\jeva400\.pm2\dump.pm2
[32m[PM2] [39mProcess C:\ambulance-planning\dist\index.js restored
┌────┬───────────────────────┬─────────────┬─────────┬─────────┬──────────┬────────┬──────┬───────────┬──────────┬──────────┬──────────┬──────────┐
│ id │ name                  │ namespace   │ version │ mode    │ pid      │ uptime │ ↺    │ status    │ cpu      │ mem      │ user     │ watching │
├────┼───────────────────────┼─────────────┼─────────┼─────────┼──────────┼────────┼──────┼───────────┼──────────┼──────────┼──────────┼──────────┤
│ [1m[36m0[39m[22m  │ ambulance-planning    │ default     │ 1.0.0   │ [7m[1mfork[22m[27m    │ 34204    │ 0s     │ 0    │ [32m[1monline[22m[39m    │ 0%       │ 92.2mb   │ [1mjeva400[22m  │ [90mdisabled[39m │
└────┴───────────────────────┴─────────────┴─────────┴─────────┴──────────┴────────┴──────┴───────────┴──────────┴──────────┴──────────┴──────────┘
Final PM2 status: 
┌────┬───────────────────────┬─────────────┬─────────┬─────────┬──────────┬────────┬──────┬───────────┬──────────┬──────────┬──────────┬──────────┐
│ id │ name                  │ namespace   │ version │ mode    │ pid      │ uptime │ ↺    │ status    │ cpu      │ mem      │ user     │ watching │
├────┼───────────────────────┼─────────────┼─────────┼─────────┼──────────┼────────┼──────┼───────────┼──────────┼──────────┼──────────┼──────────┤
│ [1m[36m0[39m[22m  │ ambulance-planning    │ default     │ 1.0.0   │ [7m[1mfork[22m[27m    │ 34204    │ 4s     │ 0    │ [32m[1monline[22m[39m    │ 0%       │ 137.8mb  │ [1mjeva400[22m  │ [90mdisabled[39m │
└────┴───────────────────────┴─────────────┴─────────┴─────────┴──────────┴────────┴──────┴───────────┴──────────┴──────────┴──────────┴──────────┘
vr 21/11/2025 10:26:26,06 - Startup script complete 
============================================ 
============================================ 
vr 21/11/2025 10:31:44,12 - Starting Ambulance Planning 
============================================ 
Environment configured 
Running pm2 resurrect... 
[32m[PM2] [39mResurrecting
[32m[PM2] [39mRestoring processes located in C:\Users\jeva400\.pm2\dump.pm2
┌────┬───────────────────────┬─────────────┬─────────┬─────────┬──────────┬────────┬──────┬───────────┬──────────┬──────────┬──────────┬──────────┐
│ id │ name                  │ namespace   │ version │ mode    │ pid      │ uptime │ ↺    │ status    │ cpu      │ mem      │ user     │ watching │
├────┼───────────────────────┼─────────────┼─────────┼─────────┼──────────┼────────┼──────┼───────────┼──────────┼──────────┼──────────┼──────────┤
│ [1m[36m0[39m[22m  │ ambulance-planning    │ default     │ 1.0.0   │ [7m[1mfork[22m[27m    │ 34204    │ 5m     │ 0    │ [32m[1monline[22m[39m    │ 0%       │ 112.3mb  │ [1mjeva400[22m  │ [90mdisabled[39m │
└────┴───────────────────────┴─────────────┴─────────┴─────────┴──────────┴────────┴──────┴───────────┴──────────┴──────────┴──────────┴──────────┘
Final PM2 status: 
┌────┬───────────────────────┬─────────────┬─────────┬─────────┬──────────┬────────┬──────┬───────────┬──────────┬──────────┬──────────┬──────────┐
│ id │ name                  │ namespace   │ version │ mode    │ pid      │ uptime │ ↺    │ status    │ cpu      │ mem      │ user     │ watching │
├────┼───────────────────────┼─────────────┼─────────┼─────────┼──────────┼────────┼──────┼───────────┼──────────┼──────────┼──────────┼──────────┤
│ [1m[36m0[39m[22m  │ ambulance-planning    │ default     │ 1.0.0   │ [7m[1mfork[22m[27m    │ 34204    │ 5m     │ 0    │ [32m[1monline[22m[39m    │ 0%       │ 116.8mb  │ [1mjeva400[22m  │ [90mdisabled[39m │
└────┴───────────────────────┴─────────────┴─────────┴─────────┴──────────┴────────┴──────┴───────────┴──────────┴──────────┴──────────┴──────────┘
vr 21/11/2025 10:31:47,93 - Startup script complete 
============================================ 
============================================ 
vr 21/11/2025 10:33:33,32 - Starting Ambulance Planning 
============================================ 
Environment configured 
Running pm2 resurrect... 
[32m[PM2] [39mResurrecting
[32m[PM2] [39mRestoring processes located in C:\Users\jeva400\.pm2\dump.pm2
[32m[PM2] [39mProcess C:\ambulance-planning\dist\index.js restored
┌────┬───────────────────────┬─────────────┬─────────┬─────────┬──────────┬────────┬──────┬───────────┬──────────┬──────────┬──────────┬──────────┐
│ id │ name                  │ namespace   │ version │ mode    │ pid      │ uptime │ ↺    │ status    │ cpu      │ mem      │ user     │ watching │
├────┼───────────────────────┼─────────────┼─────────┼─────────┼──────────┼────────┼──────┼───────────┼──────────┼──────────┼──────────┼──────────┤
│ [1m[36m0[39m[22m  │ ambulance-planning    │ default     │ 1.0.0   │ [7m[1mfork[22m[27m    │ 36792    │ 1s     │ 0    │ [32m[1monline[22m[39m    │ 78.1%    │ 106.5mb  │ [1mjeva400[22m  │ [90mdisabled[39m │
└────┴───────────────────────┴─────────────┴─────────┴─────────┴──────────┴────────┴──────┴───────────┴──────────┴──────────┴──────────┴──────────┘
Final PM2 status: 
┌────┬───────────────────────┬─────────────┬─────────┬─────────┬──────────┬────────┬──────┬───────────┬──────────┬──────────┬──────────┬──────────┐
│ id │ name                  │ namespace   │ version │ mode    │ pid      │ uptime │ ↺    │ status    │ cpu      │ mem      │ user     │ watching │
├────┼───────────────────────┼─────────────┼─────────┼─────────┼──────────┼────────┼──────┼───────────┼──────────┼──────────┼──────────┼──────────┤
│ [1m[36m0[39m[22m  │ ambulance-planning    │ default     │ 1.0.0   │ [7m[1mfork[22m[27m    │ 36792    │ 6s     │ 0    │ [32m[1monline[22m[39m    │ 0%       │ 139.7mb  │ [1mjeva400[22m  │ [90mdisabled[39m │
└────┴───────────────────────┴─────────────┴─────────┴─────────┴──────────┴────────┴──────┴───────────┴──────────┴──────────┴──────────┴──────────┘
vr 21/11/2025 10:33:40,12 - Startup script complete 
============================================ 
