2025-06-20 07:30:10,602 - semgrep.run_scan - DEBUG - semgrep version 1.4.0
2025-06-20 07:30:10,607 - semgrep.git - DEBUG - Failed to get project url from 'git ls-remote': Command failed with exit code: 128
-----
Command failed with output:
fatal: No remote configured to list refs from.


Failed to run 'git ls-remote --get-url'. Possible reasons:

- the git binary is not available
- the current working directory is not a git repository
- the baseline commit is not a parent of the current commit
    (if you are running through semgrep-app, check if you are setting `SEMGREP_BRANCH` or `SEMGREP_BASELINE_COMMIT` properly)
- the current working directory is not marked as safe
    (fix with `git config --global --add safe.directory $(pwd)`)

Try running the command yourself to debug the issue.
2025-06-20 07:30:10,608 - semgrep.config_resolver - DEBUG - Loading local config from /home/runner/workspace/.config/.semgrep/semgrep_rules.json
2025-06-20 07:30:10,611 - semgrep.config_resolver - DEBUG - Done loading local config from /home/runner/workspace/.config/.semgrep/semgrep_rules.json
2025-06-20 07:30:10,614 - semgrep.config_resolver - DEBUG - Saving rules to /tmp/semgrep-37am44_6.rules
2025-06-20 07:30:11,257 - semgrep.rule_lang - DEBUG - semgrep-core validation response: valid=True
2025-06-20 07:30:11,258 - semgrep.rule_lang - DEBUG - semgrep-core validation succeeded
2025-06-20 07:30:11,258 - semgrep.rule_lang - DEBUG - RPC validation succeeded
2025-06-20 07:30:11,258 - semgrep.config_resolver - DEBUG - loaded 1 configs in 0.6498467922210693
2025-06-20 07:30:11,325 - semgrep.run_scan - VERBOSE - running 714 rules from 1 config /home/runner/workspace/.config/.semgrep/semgrep_rules.json_0
2025-06-20 07:30:11,325 - semgrep.run_scan - VERBOSE - No .semgrepignore found. Using default .semgrepignore rules. See the docs for the list of default ignores: https://semgrep.dev/docs/cli-usage/#ignore-files
2025-06-20 07:30:11,327 - semgrep.run_scan - VERBOSE - Rules:
2025-06-20 07:30:11,327 - semgrep.run_scan - VERBOSE - <SKIPPED DATA (too many entries; use --max-log-list-entries)>
2025-06-20 07:30:11,769 - semgrep.core_runner - DEBUG - Passing whole rules directly to semgrep_core
2025-06-20 07:30:11,934 - semgrep.core_runner - DEBUG - Running Semgrep engine with command:
2025-06-20 07:30:11,934 - semgrep.core_runner - DEBUG - /tmp/_MEIgu8F4M/semgrep/bin/opengrep-core -json -rules /tmp/tmpjk2tzuxx.json -j 8 -targets /tmp/tmpjrbcrf9w -timeout 5 -timeout_threshold 3 -max_memory 0 -fast
2025-06-20 07:30:31,333 - semgrep.core_runner - DEBUG - --- semgrep-core stderr ---
[00.07][[34mINFO[0m]: Executed as: /tmp/_MEIgu8F4M/semgrep/bin/opengrep-core -json -rules /tmp/tmpjk2tzuxx.json -j 8 -targets /tmp/tmpjrbcrf9w -timeout 5 -timeout_threshold 3 -max_memory 0 -fast
[00.07][[34mINFO[0m]: Version: 1.4.0
[00.07][[34mINFO[0m]: Parsing rules in /tmp/tmpjk2tzuxx.json
[00.50][[34mINFO[0m]: scan: processing 322 files (skipping 0), with 456 rules (skipping 0 )
[01.92][[33mWARNING[0m]: Fixpoint timeout while performing taint analysis [rule: config..semgrep.vendored-rules.javascript.lang.security.audit.sqli.node-postgres-sqli file: client/src/pages/user-management.tsx func: UserManagement:12337]
[0m[01.92][[33mWARNING[0m]: Fixpoint timeout while performing taint analysis [rule: config..semgrep.vendored-rules.javascript.lang.security.audit.sqli.node-postgres-sqli file: client/src/pages/user-management.tsx func: UserManagement:12337]
[0m[01.94][[33mWARNING[0m]: Fixpoint timeout while performing taint analysis [rule: config..semgrep.vendored-rules.javascript.lang.security.audit.sqli.node-postgres-sqli file: client/src/pages/shift-planner.tsx func: ShiftPlanner:13962]
[0m[02.10][[33mWARNING[0m]: Fixpoint timeout while performing taint analysis [rule: config..semgrep.vendored-rules.javascript.lang.security.audit.unsafe-formatstring file: client/src/pages/shift-planner.tsx func: ShiftPlanner:13962]
[0m[02.18][[33mWARNING[0m]: Fixpoint timeout while performing taint analysis [rule: config..semgrep.vendored-rules.javascript.lang.security.audit.detect-non-literal-require file: client/src/pages/user-management.tsx func: UserManagement:12337]
[0m[02.18][[33mWARNING[0m]: Fixpoint timeout while performing taint analysis [rule: config..semgrep.vendored-rules.javascript.lang.security.audit.detect-non-literal-require file: client/src/pages/user-management.tsx func: UserManagement:12337]
[0m[02.65][[33mWARNING[0m]: Fixpoint timeout while performing taint analysis [rule: config..semgrep.vendored-rules.javascript.lang.security.audit.detect-non-literal-fs-filename file: client/src/pages/user-management.tsx func: UserManagement:12337]
[0m[02.65][[33mWARNING[0m]: Fixpoint timeout while performing taint analysis [rule: config..semgrep.vendored-rules.javascript.lang.security.audit.detect-non-literal-fs-filename file: client/src/pages/user-management.tsx func: UserManagement:12337]
[0m[02.85][[33mWARNING[0m]: Fixpoint timeout while performing taint analysis [rule: config..semgrep.vendored-rules.javascript.express.security.injection.tainted-sql-string file: client/src/pages/user-management.tsx func: UserManagement:12337]
[0m[02.86][[33mWARNING[0m]: Fixpoint timeout while performing taint analysis [rule: config..semgrep.vendored-rules.javascript.express.security.injection.tainted-sql-string file: client/src/pages/user-management.tsx func: UserManagement:12337]
[0m[03.31][[33mWARNING[0m]: Fixpoint timeout while performing taint analysis [rule: config..semgrep.vendored-rules.javascript.express.security.audit.remote-property-injection file: client/src/pages/user-management.tsx func: UserManagement:12337]
[0m[03.43][[33mWARNING[0m]: Fixpoint timeout while performing taint analysis [rule: config..semgrep.vendored-rules.javascript.express.security.x-frame-options-misconfiguration file: client/src/pages/user-management.tsx func: UserManagement:12337]
[0m[03.43][[33mWARNING[0m]: Fixpoint timeout while performing taint analysis [rule: config..semgrep.vendored-rules.javascript.express.security.x-frame-options-misconfiguration file: client/src/pages/user-management.tsx func: UserManagement:12337]
[0m[03.56][[33mWARNING[0m]: Fixpoint timeout while performing taint analysis [rule: config..semgrep.vendored-rules.javascript.express.security.require-request file: client/src/pages/user-management.tsx func: UserManagement:12337]
[0m[03.60][[33mWARNING[0m]: Fixpoint timeout while performing taint analysis [rule: config..semgrep.vendored-rules.typescript.react.security.audit.react-unsanitized-method file: server/routes.ts func: registerRoutes:26530]
[0m[03.73][[33mWARNING[0m]: Fixpoint timeout while performing taint analysis [rule: config..semgrep.vendored-rules.javascript.lang.security.audit.detect-non-literal-require file: server/storage.ts func: generateMonthlySchedule:32837]
[0m[03.73][[33mWARNING[0m]: Fixpoint timeout while performing taint analysis [rule: config..semgrep.vendored-rules.javascript.lang.security.audit.detect-non-literal-require file: server/storage.ts func: generateMonthlySchedule:32837]
[0m[03.91][[33mWARNING[0m]: Fixpoint timeout while performing taint analysis [rule: config..semgrep.vendored-rules.typescript.react.security.audit.react-unsanitized-method file: server/routes.ts func: registerRoutes:26530]
[0m[04.00][[33mWARNING[0m]: Fixpoint timeout while performing taint analysis [rule: config..semgrep.vendored-rules.typescript.react.security.audit.react-unsanitized-method file: server/routes.ts func: registerRoutes:26530]
[0m[04.16][[33mWARNING[0m]: Fixpoint timeout while performing taint analysis [rule: config..semgrep.vendored-rules.typescript.react.security.audit.react-unsanitized-method file: server/routes.ts func: registerRoutes:26530]
[0m[04.52][[33mWARNING[0m]: Fixpoint timeout while performing taint analysis [rule: config..semgrep.vendored-rules.typescript.react.security.audit.react-unsanitized-method file: server/routes.ts func: registerRoutes:26530]
[0m[04.65][[33mWARNING[0m]: Fixpoint timeout while performing taint analysis [rule: config..semgrep.vendored-rules.javascript.lang.security.audit.sqli.node-postgres-sqli file: client/src/pages/dashboard.tsx func: Dashboard:40098]
[0m[04.76][[33mWARNING[0m]: Fixpoint timeout while performing taint analysis [rule: config..semgrep.vendored-rules.typescript.react.security.audit.react-unsanitized-method file: server/routes.ts func: registerRoutes:26530]
[0m[04.85][[33mWARNING[0m]: Fixpoint timeout while performing taint analysis [rule: config..semgrep.vendored-rules.javascript.lang.security.audit.unsafe-formatstring file: client/src/pages/dashboard.tsx func: Dashboard:40098]
[0m[04.86][[33mWARNING[0m]: Fixpoint timeout while performing taint analysis [rule: config..semgrep.vendored-rules.typescript.react.security.audit.react-unsanitized-method file: server/routes.ts func: registerRoutes:26530]
[0m[05.10][[33mWARNING[0m]: Fixpoint timeout while performing taint analysis [rule: config..semgrep.vendored-rules.javascript.lang.security.audit.sqli.node-postgres-sqli file: server/routes.ts func: registerRoutes:26530]
[0m[05.25][[33mWARNING[0m]: Fixpoint timeout while performing taint analysis [rule: config..semgrep.vendored-rules.javascript.lang.security.audit.unsafe-formatstring file: server/routes.ts func: registerRoutes:26530]
[0m[05.33][[33mWARNING[0m]: Fixpoint timeout while performing taint analysis [rule: config..semgrep.vendored-rules.javascript.lang.security.audit.detect-non-literal-fs-filename file: server/storage.ts func: generateMonthlySchedule:32837]
[0m[05.33][[33mWARNING[0m]: Fixpoint timeout while performing taint analysis [rule: config..semgrep.vendored-rules.javascript.lang.security.audit.detect-non-literal-fs-filename file: server/storage.ts func: generateMonthlySchedule:32837]
[0m[05.42][[33mWARNING[0m]: Fixpoint timeout while performing taint analysis [rule: config..semgrep.vendored-rules.javascript.lang.security.audit.unsafe-formatstring file: server/routes.ts func: registerRoutes:26530]
[0m[05.55][[33mWARNING[0m]: Fixpoint timeout while performing taint analysis [rule: config..semgrep.vendored-rules.javascript.lang.security.audit.detect-non-literal-require file: server/routes.ts func: registerRoutes:26530]
[0m[05.66][[33mWARNING[0m]: Fixpoint timeout while performing taint analysis [rule: config..semgrep.vendored-rules.javascript.lang.security.audit.unsafe-formatstring file: client/src/pages/schedule-generator.tsx func: ScheduleGenerator:43866]
[0m[05.67][[33mWARNING[0m]: Fixpoint timeout while performing taint analysis [rule: config..semgrep.vendored-rules.javascript.lang.security.audit.detect-non-literal-require file: server/routes.ts func: registerRoutes:26530]
[0m[05.82][[33mWARNING[0m]: Fixpoint timeout while performing taint analysis [rule: config..semgrep.vendored-rules.javascript.lang.security.audit.detect-non-literal-require file: server/routes.ts func: registerRoutes:26530]
[0m[05.88][[33mWARNING[0m]: Fixpoint timeout while performing taint analysis [rule: config..semgrep.vendored-rules.javascript.lang.security.audit.detect-non-literal-require file: server/routes.ts func: registerRoutes:26530]
[0m[06.03][[33mWARNING[0m]: Fixpoint timeout while performing taint analysis [rule: config..semgrep.vendored-rules.javascript.lang.security.audit.detect-non-literal-require file: server/routes.ts func: registerRoutes:26530]
[0m[06.12][[33mWARNING[0m]: Fixpoint timeout while performing taint analysis [rule: config..semgrep.vendored-rules.javascript.lang.security.audit.detect-non-literal-require file: server/routes.ts func: registerRoutes:26530]
[0m[06.22][[33mWARNING[0m]: Fixpoint timeout while performing taint analysis [rule: config..semgrep.vendored-rules.javascript.lang.security.audit.detect-non-literal-require file: server/routes.ts func: registerRoutes:26530]
[0m[06.83][[33mWARNING[0m]: Fixpoint timeout while performing taint analysis [rule: config..semgrep.vendored-rules.javascript.lang.security.audit.detect-non-literal-fs-filename file: server/routes.ts func: registerRoutes:26530]
[0m[07.04][[33mWARNING[0m]: Fixpoint timeout while performing taint analysis [rule: config..semgrep.vendored-rules.javascript.lang.security.audit.detect-non-literal-fs-filename file: server/routes.ts func: registerRoutes:26530]
[0m[07.24][[33mWARNING[0m]: Fixpoint timeout while performing taint analysis [rule: config..semgrep.vendored-rules.javascript.lang.security.audit.detect-non-literal-fs-filename file: server/routes.ts func: registerRoutes:26530]
[0m[07.31][[33mWARNING[0m]: Fixpoint timeout while performing taint analysis [rule: config..semgrep.vendored-rules.javascript.lang.security.audit.detect-non-literal-fs-filename file: server/routes.ts func: registerRoutes:26530]
[0m[07.36][[33mWARNING[0m]: Fixpoint timeout while performing taint analysis [rule: config..semgrep.vendored-rules.javascript.lang.security.audit.detect-non-literal-fs-filename file: server/routes.ts func: registerRoutes:26530]
[0m[07.62][[33mWARNING[0m]: Fixpoint timeout while performing taint analysis [rule: config..semgrep.vendored-rules.javascript.lang.security.audit.code-string-concat file: server/routes.ts func: registerRoutes:26530]
[0m[07.87][[33mWARNING[0m]: Fixpoint timeout while performing taint analysis [rule: config..semgrep.vendored-rules.javascript.lang.security.audit.code-string-concat file: server/routes.ts func: registerRoutes:26530]
[0m[08.10][[33mWARNING[0m]: Fixpoint timeout while performing taint analysis [rule: config..semgrep.vendored-rules.javascript.lang.security.audit.code-string-concat file: server/routes.ts func: registerRoutes:26530]
[0m[08.22][[33mWARNING[0m]: Fixpoint timeout while performing taint analysis [rule: config..semgrep.vendored-rules.javascript.lang.security.audit.code-string-concat file: server/routes.ts func: registerRoutes:26530]
[0m[08.32][[33mWARNING[0m]: Fixpoint timeout while performing taint analysis [rule: config..semgrep.vendored-rules.javascript.lang.security.audit.code-string-concat file: server/routes.ts func: registerRoutes:26530]
[0m[08.57][[33mWARNING[0m]: Fixpoint timeout while performing taint analysis [rule: config..semgrep.vendored-rules.javascript.lang.security.audit.code-string-concat file: server/routes.ts func: registerRoutes:26530]
[0m[08.70][[33mWARNING[0m]: Fixpoint timeout while performing taint analysis [rule: config..semgrep.vendored-rules.javascript.lang.security.audit.code-string-concat file: server/routes.ts func: registerRoutes:26530]
[0m[08.80][[33mWARNING[0m]: Fixpoint timeout while performing taint analysis [rule: config..semgrep.vendored-rules.javascript.lang.security.audit.code-string-concat file: server/routes.ts func: registerRoutes:26530]
[0m[08.98][[33mWARNING[0m]: Fixpoint timeout while performing taint analysis [rule: config..semgrep.vendored-rules.javascript.express.security.injection.tainted-sql-string file: server/routes.ts func: registerRoutes:26530]
[0m[09.30][[33mWARNING[0m]: Fixpoint timeout while performing taint analysis [rule: config..semgrep.vendored-rules.javascript.express.security.injection.tainted-sql-string file: server/routes.ts func: registerRoutes:26530]
[0m[09.42][[33mWARNING[0m]: Fixpoint timeout while performing taint analysis [rule: config..semgrep.vendored-rules.javascript.express.security.injection.tainted-sql-string file: server/routes.ts func: registerRoutes:26530]
[0m[09.45][[33mWARNING[0m]: Fixpoint timeout while performing taint analysis [rule: config..semgrep.vendored-rules.javascript.express.security.injection.tainted-sql-string file: server/routes.ts func: registerRoutes:26530]
[0m[09.72][[33mWARNING[0m]: Fixpoint timeout while performing taint analysis [rule: config..semgrep.vendored-rules.javascript.express.security.injection.raw-html-format file: server/routes.ts func: registerRoutes:26530]
[0m[10.26][[33mWARNING[0m]: Fixpoint timeout while performing taint analysis [rule: config..semgrep.vendored-rules.javascript.express.security.injection.raw-html-format file: server/routes.ts func: registerRoutes:26530]
[0m[10.44][[33mWARNING[0m]: Fixpoint timeout while performing taint analysis [rule: config..semgrep.vendored-rules.javascript.express.security.injection.raw-html-format file: server/routes.ts func: registerRoutes:26530]
[0m[10.57][[33mWARNING[0m]: Fixpoint timeout while performing taint analysis [rule: config..semgrep.vendored-rules.javascript.express.security.injection.raw-html-format file: server/routes.ts func: registerRoutes:26530]
[0m[10.84][[33mWARNING[0m]: Fixpoint timeout while performing taint analysis [rule: config..semgrep.vendored-rules.javascript.express.security.injection.raw-html-format file: server/routes.ts func: registerRoutes:26530]
[0m[10.99][[33mWARNING[0m]: Fixpoint timeout while performing taint analysis [rule: config..semgrep.vendored-rules.javascript.express.security.injection.raw-html-format file: server/routes.ts func: registerRoutes:26530]
[0m[11.09][[33mWARNING[0m]: Fixpoint timeout while performing taint analysis [rule: config..semgrep.vendored-rules.javascript.express.security.injection.raw-html-format file: server/routes.ts func: registerRoutes:26530]
[0m[11.36][[33mWARNING[0m]: Fixpoint timeout while performing taint analysis [rule: config..semgrep.vendored-rules.javascript.express.security.audit.xss.direct-response-write file: server/routes.ts func: registerRoutes:26530]
[0m[11.81][[33mWARNING[0m]: Fixpoint timeout while performing taint analysis [rule: config..semgrep.vendored-rules.javascript.express.security.audit.xss.direct-response-write file: server/routes.ts func: registerRoutes:26530]
[0m[11.95][[33mWARNING[0m]: Fixpoint timeout while performing taint analysis [rule: config..semgrep.vendored-rules.javascript.express.security.audit.xss.direct-response-write file: server/routes.ts func: registerRoutes:26530]
[0m[12.07][[33mWARNING[0m]: Fixpoint timeout while performing taint analysis [rule: config..semgrep.vendored-rules.javascript.express.security.audit.xss.direct-response-write file: server/routes.ts func: registerRoutes:26530]
[0m[12.33][[33mWARNING[0m]: Fixpoint timeout while performing taint analysis [rule: config..semgrep.vendored-rules.javascript.express.security.audit.xss.direct-response-write file: server/routes.ts func: registerRoutes:26530]
[0m[12.48][[33mWARNING[0m]: Fixpoint timeout while performing taint analysis [rule: config..semgrep.vendored-rules.javascript.express.security.audit.xss.direct-response-write file: server/routes.ts func: registerRoutes:26530]
[0m[12.97][[33mWARNING[0m]: Fixpoint timeout while performing taint analysis [rule: config..semgrep.vendored-rules.javascript.express.security.audit.express-ssrf file: server/routes.ts func: registerRoutes:26530]
[0m[13.29][[33mWARNING[0m]: Fixpoint timeout while performing taint analysis [rule: config..semgrep.vendored-rules.javascript.express.security.audit.express-ssrf file: server/routes.ts func: registerRoutes:26530]
[0m[13.39][[33mWARNING[0m]: Fixpoint timeout while performing taint analysis [rule: config..semgrep.vendored-rules.javascript.express.security.audit.express-ssrf file: server/routes.ts func: registerRoutes:26530]
[0m[13.42][[33mWARNING[0m]: Fixpoint timeout while performing taint analysis [rule: config..semgrep.vendored-rules.javascript.express.security.audit.express-ssrf file: server/routes.ts func: registerRoutes:26530]
[0m[13.62][[33mWARNING[0m]: Fixpoint timeout while performing taint analysis [rule: config..semgrep.vendored-rules.javascript.express.security.express-wkhtmltoimage-injection file: server/routes.ts func: registerRoutes:26530]
[0m[14.04][[33mWARNING[0m]: Fixpoint timeout while performing taint analysis [rule: config..semgrep.vendored-rules.javascript.express.security.express-wkhtmltoimage-injection file: server/routes.ts func: registerRoutes:26530]
[0m[14.18][[33mWARNING[0m]: Fixpoint timeout while performing taint analysis [rule: config..semgrep.vendored-rules.javascript.express.security.express-wkhtmltoimage-injection file: server/routes.ts func: registerRoutes:26530]
[0m[14.29][[33mWARNING[0m]: Fixpoint timeout while performing taint analysis [rule: config..semgrep.vendored-rules.javascript.express.security.express-wkhtmltoimage-injection file: server/routes.ts func: registerRoutes:26530]
[0m[14.57][[33mWARNING[0m]: Fixpoint timeout while performing taint analysis [rule: config..semgrep.vendored-rules.javascript.express.security.express-wkhtmltoimage-injection file: server/routes.ts func: registerRoutes:26530]
[0m[14.73][[33mWARNING[0m]: Fixpoint timeout while performing taint analysis [rule: config..semgrep.vendored-rules.javascript.express.security.express-wkhtmltoimage-injection file: server/routes.ts func: registerRoutes:26530]
[0m[14.82][[33mWARNING[0m]: Fixpoint timeout while performing taint analysis [rule: config..semgrep.vendored-rules.javascript.express.security.express-wkhtmltoimage-injection file: server/routes.ts func: registerRoutes:26530]
[0m[15.04][[33mWARNING[0m]: Fixpoint timeout while performing taint analysis [rule: config..semgrep.vendored-rules.javascript.express.security.x-frame-options-misconfiguration file: server/routes.ts func: registerRoutes:26530]
[0m[15.44][[33mWARNING[0m]: Fixpoint timeout while performing taint analysis [rule: config..semgrep.vendored-rules.javascript.express.security.x-frame-options-misconfiguration file: server/routes.ts func: registerRoutes:26530]
[0m[15.57][[33mWARNING[0m]: Fixpoint timeout while performing taint analysis [rule: config..semgrep.vendored-rules.javascript.express.security.x-frame-options-misconfiguration file: server/routes.ts func: registerRoutes:26530]
[0m[15.69][[33mWARNING[0m]: Fixpoint timeout while performing taint analysis [rule: config..semgrep.vendored-rules.javascript.express.security.x-frame-options-misconfiguration file: server/routes.ts func: registerRoutes:26530]
[0m[15.97][[33mWARNING[0m]: Fixpoint timeout while performing taint analysis [rule: config..semgrep.vendored-rules.javascript.express.security.x-frame-options-misconfiguration file: server/routes.ts func: registerRoutes:26530]
[0m[16.13][[33mWARNING[0m]: Fixpoint timeout while performing taint analysis [rule: config..semgrep.vendored-rules.javascript.express.security.x-frame-options-misconfiguration file: server/routes.ts func: registerRoutes:26530]
[0m[16.22][[33mWARNING[0m]: Fixpoint timeout while performing taint analysis [rule: config..semgrep.vendored-rules.javascript.express.security.x-frame-options-misconfiguration file: server/routes.ts func: registerRoutes:26530]
[0m[16.42][[33mWARNING[0m]: Fixpoint timeout while performing taint analysis [rule: config..semgrep.vendored-rules.javascript.express.security.require-request file: server/routes.ts func: registerRoutes:26530]
[0m[16.83][[33mWARNING[0m]: Fixpoint timeout while performing taint analysis [rule: config..semgrep.vendored-rules.javascript.express.security.require-request file: server/routes.ts func: registerRoutes:26530]
[0m[16.96][[33mWARNING[0m]: Fixpoint timeout while performing taint analysis [rule: config..semgrep.vendored-rules.javascript.express.security.require-request file: server/routes.ts func: registerRoutes:26530]
[0m[17.08][[33mWARNING[0m]: Fixpoint timeout while performing taint analysis [rule: config..semgrep.vendored-rules.javascript.express.security.require-request file: server/routes.ts func: registerRoutes:26530]
[0m[17.32][[33mWARNING[0m]: Fixpoint timeout while performing taint analysis [rule: config..semgrep.vendored-rules.javascript.express.security.require-request file: server/routes.ts func: registerRoutes:26530]
[0m[17.47][[33mWARNING[0m]: Fixpoint timeout while performing taint analysis [rule: config..semgrep.vendored-rules.javascript.express.security.require-request file: server/routes.ts func: registerRoutes:26530]
[0m[17.57][[33mWARNING[0m]: Fixpoint timeout while performing taint analysis [rule: config..semgrep.vendored-rules.javascript.express.security.require-request file: server/routes.ts func: registerRoutes:26530]
[0m[17.74][[33mWARNING[0m]: Fixpoint timeout while performing taint analysis [rule: config..semgrep.vendored-rules.javascript.express.security.cors-misconfiguration file: server/routes.ts func: registerRoutes:26530]
[0m[18.20][[33mWARNING[0m]: Fixpoint timeout while performing taint analysis [rule: config..semgrep.vendored-rules.javascript.express.security.cors-misconfiguration file: server/routes.ts func: registerRoutes:26530]
[0m[18.34][[33mWARNING[0m]: Fixpoint timeout while performing taint analysis [rule: config..semgrep.vendored-rules.javascript.express.security.cors-misconfiguration file: server/routes.ts func: registerRoutes:26530]
[0m[18.45][[33mWARNING[0m]: Fixpoint timeout while performing taint analysis [rule: config..semgrep.vendored-rules.javascript.express.security.cors-misconfiguration file: server/routes.ts func: registerRoutes:26530]
[0m[18.71][[33mWARNING[0m]: Fixpoint timeout while performing taint analysis [rule: config..semgrep.vendored-rules.javascript.express.security.cors-misconfiguration file: server/routes.ts func: registerRoutes:26530]
[0m[18.87][[33mWARNING[0m]: Fixpoint timeout while performing taint analysis [rule: config..semgrep.vendored-rules.javascript.express.security.cors-misconfiguration file: server/routes.ts func: registerRoutes:26530]
[0m[18.97][[33mWARNING[0m]: Fixpoint timeout while performing taint analysis [rule: config..semgrep.vendored-rules.javascript.express.security.cors-misconfiguration file: server/routes.ts func: registerRoutes:26530]
[0m--- end semgrep-core stderr ---
2025-06-20 07:30:31,341 - semgrep.rule_match - DEBUG - match_key = ('', PosixPath('WINDOWS_SERVER_INSTALLATIE.md'), 'config..semgrep.vendored-rules.generic.secrets.security.detected-username-and-password-in-uri') match_id = 3594f5e2eac7727aacf06b7abe24224bc1977d1c9624cc2ddaf5ef4657b69099cdc9ece53ae83daa243f3d11d7080d2f5b99a853ff742351fbefe4a8472f796e_0
2025-06-20 07:30:31,342 - semgrep.rule_match - DEBUG - match_key = ('JouwSterkWachtwoord123! (?!.*[\\s])(?=.*[0-9])(?=.*[a-z])(?=.*[A-Z])(?=.*[!"#$%&\'()*+,-./:;<=>?@[\\]^_`{|}~]){6,32} ambulance_user \\A({?)([A-Za-z])([A-Za-z0-9_-]){5,31}(}?)\\Z postgresql (.*http.*)|(.*sql.*)|(.*ftp.*)|(.*smtp.*) postgresql://ambulance_user:JouwSterkWachtwoord123!@localhost', PosixPath('WINDOWS_SERVER_INSTALLATIE.md'), 'config..semgrep.vendored-rules.generic.secrets.security.detected-username-and-password-in-uri') match_id = 1429ef4455b18d9943d634d0cd54695694eaeaba44530ef84ff94862e14229411489ed23326c907081a3ea61b245d2a7023e6c6598c95aed589663f0988cb5b9_0
2025-06-20 07:30:31,343 - semgrep.rule_match - DEBUG - match_key = ('JouwSterkWachtwoord123! (?!.*[\\s])(?=.*[0-9])(?=.*[a-z])(?=.*[A-Z])(?=.*[!"#$%&\'()*+,-./:;<=>?@[\\]^_`{|}~]){6,32} ambulance_user \\A({?)([A-Za-z])([A-Za-z0-9_-]){5,31}(}?)\\Z postgresql (.*http.*)|(.*sql.*)|(.*ftp.*)|(.*smtp.*) postgresql://ambulance_user:JouwSterkWachtwoord123!@localhost', PosixPath('WINDOWS_SERVER_INSTALLATIE.md'), 'config..semgrep.vendored-rules.generic.secrets.security.detected-username-and-password-in-uri') match_id = 1429ef4455b18d9943d634d0cd54695694eaeaba44530ef84ff94862e14229411489ed23326c907081a3ea61b245d2a7023e6c6598c95aed589663f0988cb5b9_0
2025-06-20 07:30:31,343 - semgrep.rule_match - DEBUG - match_key = ('JouwSterkWachtwoord123! (?!.*[\\s])(?=.*[0-9])(?=.*[a-z])(?=.*[A-Z])(?=.*[!"#$%&\'()*+,-./:;<=>?@[\\]^_`{|}~]){6,32} ambulance_user \\A({?)([A-Za-z])([A-Za-z0-9_-]){5,31}(}?)\\Z postgresql (.*http.*)|(.*sql.*)|(.*ftp.*)|(.*smtp.*) postgresql://ambulance_user:JouwSterkWachtwoord123!@localhost', PosixPath('WINDOWS_SERVER_INSTALLATIE.md'), 'config..semgrep.vendored-rules.generic.secrets.security.detected-username-and-password-in-uri') match_id = 1429ef4455b18d9943d634d0cd54695694eaeaba44530ef84ff94862e14229411489ed23326c907081a3ea61b245d2a7023e6c6598c95aed589663f0988cb5b9_0
2025-06-20 07:30:31,344 - semgrep.rule_match - DEBUG - match_key = ('', PosixPath('add-ambulanciers.js'), 'config..semgrep.vendored-rules.javascript.lang.security.audit.unsafe-formatstring') match_id = 7c5a0631f8f917a104a16a8f1501902d1c0c7f07eaa9f26a60f16fc1126fc1ff2017681aae708b6a70231da57c51414c4a8ca0ea9e76276b66a2ccc97bf8e016_0
2025-06-20 07:30:31,345 - semgrep.rule_match - DEBUG - match_key = ('"..." + "..."\n $X + $Y $X.concat($Y) `...${...}...`\n $X.concat("...")\n ``Fout bij toevoegen van gebruiker user.username:` $UTIL = require(\'util\')\n...\n $UTIL.format(``Fout bij toevoegen van gebruiker user.username:`,userError,...)\n console.error(``Fout bij toevoegen van gebruiker user.username:`,userError,...)\n', PosixPath('add-ambulanciers.js'), 'config..semgrep.vendored-rules.javascript.lang.security.audit.unsafe-formatstring') match_id = 10d7ce9ca4a171018c0993c1df022548a21a597998774abce0f50a772a1d3e2b604bfcabf408344d2687ca0072c2d15836be03cb04839d18e9705402af041c2f_0
2025-06-20 07:30:31,345 - semgrep.rule_match - DEBUG - match_key = ('"..." + "..."\n $X + $Y $X.concat($Y) `...${...}...`\n $X.concat("...")\n ``Fout bij toevoegen van gebruiker user.username:` $UTIL = require(\'util\')\n...\n $UTIL.format(``Fout bij toevoegen van gebruiker user.username:`,userError,...)\n console.error(``Fout bij toevoegen van gebruiker user.username:`,userError,...)\n', PosixPath('add-ambulanciers.js'), 'config..semgrep.vendored-rules.javascript.lang.security.audit.unsafe-formatstring') match_id = 10d7ce9ca4a171018c0993c1df022548a21a597998774abce0f50a772a1d3e2b604bfcabf408344d2687ca0072c2d15836be03cb04839d18e9705402af041c2f_0
2025-06-20 07:30:31,346 - semgrep.rule_match - DEBUG - match_key = ('"..." + "..."\n $X + $Y $X.concat($Y) `...${...}...`\n $X.concat("...")\n ``Fout bij toevoegen van gebruiker user.username:` $UTIL = require(\'util\')\n...\n $UTIL.format(``Fout bij toevoegen van gebruiker user.username:`,userError,...)\n console.error(``Fout bij toevoegen van gebruiker user.username:`,userError,...)\n', PosixPath('add-ambulanciers.js'), 'config..semgrep.vendored-rules.javascript.lang.security.audit.unsafe-formatstring') match_id = 10d7ce9ca4a171018c0993c1df022548a21a597998774abce0f50a772a1d3e2b604bfcabf408344d2687ca0072c2d15836be03cb04839d18e9705402af041c2f_0
2025-06-20 07:30:31,347 - semgrep.rule_match - DEBUG - match_key = ('', PosixPath('client/src/pages/schedule-generator.tsx'), 'config..semgrep.vendored-rules.javascript.lang.security.audit.unsafe-formatstring') match_id = e52c2049e677861abf9de6763583c1388a1ad8ea2295bb8fd3de1f10e4f9c8bf12243922ba77535733113f3abaf6602c71bc9160bc97b15e25ca9b02356997f5_0
2025-06-20 07:30:31,347 - semgrep.rule_match - DEBUG - match_key = ('"..." + "..."\n date.getMonth() + 1 date.getMonth().concat(1) `...${...}...`\n date.getMonth().concat("...")\n ``Gevonden voorkeuren voor datum gezochteYMD:` $UTIL = require(\'util\')\n...\n $UTIL.format(``Gevonden voorkeuren voor datum gezochteYMD:`,preferencesForDate.length,...)\n console.log(``Gevonden voorkeuren voor datum gezochteYMD:`,preferencesForDate.length,...)\n', PosixPath('client/src/pages/schedule-generator.tsx'), 'config..semgrep.vendored-rules.javascript.lang.security.audit.unsafe-formatstring') match_id = 1bb6fd822fecb957e956226da970b652f5a8ed8411ad58c9049289f0e8ff046aeed89b46ee5d732d4d0cf82c585a9521564e38e7d3bc87acf43e11fad5a7cb2c_0
2025-06-20 07:30:31,348 - semgrep.rule_match - DEBUG - match_key = ('"..." + "..."\n date.getMonth() + 1 date.getMonth().concat(1) `...${...}...`\n date.getMonth().concat("...")\n ``Gevonden voorkeuren voor datum gezochteYMD:` $UTIL = require(\'util\')\n...\n $UTIL.format(``Gevonden voorkeuren voor datum gezochteYMD:`,preferencesForDate.length,...)\n console.log(``Gevonden voorkeuren voor datum gezochteYMD:`,preferencesForDate.length,...)\n', PosixPath('client/src/pages/schedule-generator.tsx'), 'config..semgrep.vendored-rules.javascript.lang.security.audit.unsafe-formatstring') match_id = 1bb6fd822fecb957e956226da970b652f5a8ed8411ad58c9049289f0e8ff046aeed89b46ee5d732d4d0cf82c585a9521564e38e7d3bc87acf43e11fad5a7cb2c_0
2025-06-20 07:30:31,348 - semgrep.rule_match - DEBUG - match_key = ('"..." + "..."\n date.getMonth() + 1 date.getMonth().concat(1) `...${...}...`\n date.getMonth().concat("...")\n ``Gevonden voorkeuren voor datum gezochteYMD:` $UTIL = require(\'util\')\n...\n $UTIL.format(``Gevonden voorkeuren voor datum gezochteYMD:`,preferencesForDate.length,...)\n console.log(``Gevonden voorkeuren voor datum gezochteYMD:`,preferencesForDate.length,...)\n', PosixPath('client/src/pages/schedule-generator.tsx'), 'config..semgrep.vendored-rules.javascript.lang.security.audit.unsafe-formatstring') match_id = 1bb6fd822fecb957e956226da970b652f5a8ed8411ad58c9049289f0e8ff046aeed89b46ee5d732d4d0cf82c585a9521564e38e7d3bc87acf43e11fad5a7cb2c_0
2025-06-20 07:30:31,349 - semgrep.rule_match - DEBUG - match_key = ('', PosixPath('fix-rob-preferences.js'), 'config..semgrep.vendored-rules.javascript.lang.security.audit.unsafe-formatstring') match_id = 9354ef1fddce451fa8fa1050259a7bf93f941f0e35384dcfe38e3df945fd5855b606644b0b02700fad655447d364fb0b62e2fb318c2b51d78e0019b8ae9ca4c1_0
2025-06-20 07:30:31,350 - semgrep.rule_match - DEBUG - match_key = ('"..." + "..."\n $X + $Y $X.concat($Y) `...${...}...`\n $X.concat("...")\n ``Failed to create preference for day day:` $UTIL = require(\'util\')\n...\n $UTIL.format(``Failed to create preference for day day:`,errorText,...)\n console.error(``Failed to create preference for day day:`,errorText,...)\n', PosixPath('fix-rob-preferences.js'), 'config..semgrep.vendored-rules.javascript.lang.security.audit.unsafe-formatstring') match_id = 7dc3c1f21f98ff390cc1c862bdc0223900c43080052c48864d9eaf53ef65f49025e34284132348083f298ba8cc321b654bcc5e3a4a17bdaacf8ad050c1633685_0
2025-06-20 07:30:31,350 - semgrep.rule_match - DEBUG - match_key = ('"..." + "..."\n $X + $Y $X.concat($Y) `...${...}...`\n $X.concat("...")\n ``Failed to create preference for day day:` $UTIL = require(\'util\')\n...\n $UTIL.format(``Failed to create preference for day day:`,errorText,...)\n console.error(``Failed to create preference for day day:`,errorText,...)\n', PosixPath('fix-rob-preferences.js'), 'config..semgrep.vendored-rules.javascript.lang.security.audit.unsafe-formatstring') match_id = 7dc3c1f21f98ff390cc1c862bdc0223900c43080052c48864d9eaf53ef65f49025e34284132348083f298ba8cc321b654bcc5e3a4a17bdaacf8ad050c1633685_0
2025-06-20 07:30:31,351 - semgrep.rule_match - DEBUG - match_key = ('"..." + "..."\n $X + $Y $X.concat($Y) `...${...}...`\n $X.concat("...")\n ``Failed to create preference for day day:` $UTIL = require(\'util\')\n...\n $UTIL.format(``Failed to create preference for day day:`,errorText,...)\n console.error(``Failed to create preference for day day:`,errorText,...)\n', PosixPath('fix-rob-preferences.js'), 'config..semgrep.vendored-rules.javascript.lang.security.audit.unsafe-formatstring') match_id = 7dc3c1f21f98ff390cc1c862bdc0223900c43080052c48864d9eaf53ef65f49025e34284132348083f298ba8cc321b654bcc5e3a4a17bdaacf8ad050c1633685_0
2025-06-20 07:30:31,351 - semgrep.rule_match - DEBUG - match_key = ('', PosixPath('fix-rob-preferences.js'), 'config..semgrep.vendored-rules.javascript.lang.security.audit.unsafe-formatstring') match_id = 9354ef1fddce451fa8fa1050259a7bf93f941f0e35384dcfe38e3df945fd5855b606644b0b02700fad655447d364fb0b62e2fb318c2b51d78e0019b8ae9ca4c1_0
2025-06-20 07:30:31,352 - semgrep.rule_match - DEBUG - match_key = ('"..." + "..."\n $X + $Y $X.concat($Y) `...${...}...`\n $X.concat("...")\n ``Error creating preference for day day:` $UTIL = require(\'util\')\n...\n $UTIL.format(``Error creating preference for day day:`,error.message,...)\n console.error(``Error creating preference for day day:`,error.message,...)\n', PosixPath('fix-rob-preferences.js'), 'config..semgrep.vendored-rules.javascript.lang.security.audit.unsafe-formatstring') match_id = f1114f8af80cb72dcfe47889074ac58fb3ae5c00c729561ed1a5f633e750636f2b7f361f99b2f726fec611ce50129f690b0d52e73e6acf602cbe779c596056d4_0
2025-06-20 07:30:31,352 - semgrep.rule_match - DEBUG - match_key = ('"..." + "..."\n $X + $Y $X.concat($Y) `...${...}...`\n $X.concat("...")\n ``Error creating preference for day day:` $UTIL = require(\'util\')\n...\n $UTIL.format(``Error creating preference for day day:`,error.message,...)\n console.error(``Error creating preference for day day:`,error.message,...)\n', PosixPath('fix-rob-preferences.js'), 'config..semgrep.vendored-rules.javascript.lang.security.audit.unsafe-formatstring') match_id = f1114f8af80cb72dcfe47889074ac58fb3ae5c00c729561ed1a5f633e750636f2b7f361f99b2f726fec611ce50129f690b0d52e73e6acf602cbe779c596056d4_0
2025-06-20 07:30:31,352 - semgrep.rule_match - DEBUG - match_key = ('"..." + "..."\n $X + $Y $X.concat($Y) `...${...}...`\n $X.concat("...")\n ``Error creating preference for day day:` $UTIL = require(\'util\')\n...\n $UTIL.format(``Error creating preference for day day:`,error.message,...)\n console.error(``Error creating preference for day day:`,error.message,...)\n', PosixPath('fix-rob-preferences.js'), 'config..semgrep.vendored-rules.javascript.lang.security.audit.unsafe-formatstring') match_id = f1114f8af80cb72dcfe47889074ac58fb3ae5c00c729561ed1a5f633e750636f2b7f361f99b2f726fec611ce50129f690b0d52e73e6acf602cbe779c596056d4_0
2025-06-20 07:30:31,353 - semgrep.rule_match - DEBUG - match_key = ('', PosixPath('fix-rob-preferences.js'), 'config..semgrep.vendored-rules.javascript.lang.security.audit.unsafe-formatstring') match_id = 9354ef1fddce451fa8fa1050259a7bf93f941f0e35384dcfe38e3df945fd5855b606644b0b02700fad655447d364fb0b62e2fb318c2b51d78e0019b8ae9ca4c1_0
2025-06-20 07:30:31,354 - semgrep.rule_match - DEBUG - match_key = ('"..." + "..."\n $X + $Y $X.concat($Y) `...${...}...`\n $X.concat("...")\n ``Failed to create unavailable preference for day day:` $UTIL = require(\'util\')\n...\n $UTIL.format(``Failed to create unavailable preference for day day:`,errorText,...)\n console.error(``Failed to create unavailable preference for day day:`,errorText,...)\n', PosixPath('fix-rob-preferences.js'), 'config..semgrep.vendored-rules.javascript.lang.security.audit.unsafe-formatstring') match_id = 264c029fd6d3b4d023f6f4c613b433b635a44c3a4e26fb6d80306f4671de6ad4aa93027ef892021c8fbd062259535d5bd10aca03cdcd4326607cd6bbf3bab145_0
2025-06-20 07:30:31,354 - semgrep.rule_match - DEBUG - match_key = ('"..." + "..."\n $X + $Y $X.concat($Y) `...${...}...`\n $X.concat("...")\n ``Failed to create unavailable preference for day day:` $UTIL = require(\'util\')\n...\n $UTIL.format(``Failed to create unavailable preference for day day:`,errorText,...)\n console.error(``Failed to create unavailable preference for day day:`,errorText,...)\n', PosixPath('fix-rob-preferences.js'), 'config..semgrep.vendored-rules.javascript.lang.security.audit.unsafe-formatstring') match_id = 264c029fd6d3b4d023f6f4c613b433b635a44c3a4e26fb6d80306f4671de6ad4aa93027ef892021c8fbd062259535d5bd10aca03cdcd4326607cd6bbf3bab145_0
2025-06-20 07:30:31,355 - semgrep.rule_match - DEBUG - match_key = ('"..." + "..."\n $X + $Y $X.concat($Y) `...${...}...`\n $X.concat("...")\n ``Failed to create unavailable preference for day day:` $UTIL = require(\'util\')\n...\n $UTIL.format(``Failed to create unavailable preference for day day:`,errorText,...)\n console.error(``Failed to create unavailable preference for day day:`,errorText,...)\n', PosixPath('fix-rob-preferences.js'), 'config..semgrep.vendored-rules.javascript.lang.security.audit.unsafe-formatstring') match_id = 264c029fd6d3b4d023f6f4c613b433b635a44c3a4e26fb6d80306f4671de6ad4aa93027ef892021c8fbd062259535d5bd10aca03cdcd4326607cd6bbf3bab145_0
2025-06-20 07:30:31,355 - semgrep.rule_match - DEBUG - match_key = ('', PosixPath('fix-rob-preferences.js'), 'config..semgrep.vendored-rules.javascript.lang.security.audit.unsafe-formatstring') match_id = 9354ef1fddce451fa8fa1050259a7bf93f941f0e35384dcfe38e3df945fd5855b606644b0b02700fad655447d364fb0b62e2fb318c2b51d78e0019b8ae9ca4c1_0
2025-06-20 07:30:31,356 - semgrep.rule_match - DEBUG - match_key = ('"..." + "..."\n $X + $Y $X.concat($Y) `...${...}...`\n $X.concat("...")\n ``Error creating unavailable preference for day day:` $UTIL = require(\'util\')\n...\n $UTIL.format(``Error creating unavailable preference for day day:`,error.message,...)\n console.error(``Error creating unavailable preference for day day:`,error.message,...)\n', PosixPath('fix-rob-preferences.js'), 'config..semgrep.vendored-rules.javascript.lang.security.audit.unsafe-formatstring') match_id = 14f84093837ef6c18d77c5392c7daff755522eb52ac1d7128d87fbaed4b132d51384dd9784d6623d42b414a56a60660fdc4ee729c6fb96788ba56645d3e76a68_0
2025-06-20 07:30:31,356 - semgrep.rule_match - DEBUG - match_key = ('"..." + "..."\n $X + $Y $X.concat($Y) `...${...}...`\n $X.concat("...")\n ``Error creating unavailable preference for day day:` $UTIL = require(\'util\')\n...\n $UTIL.format(``Error creating unavailable preference for day day:`,error.message,...)\n console.error(``Error creating unavailable preference for day day:`,error.message,...)\n', PosixPath('fix-rob-preferences.js'), 'config..semgrep.vendored-rules.javascript.lang.security.audit.unsafe-formatstring') match_id = 14f84093837ef6c18d77c5392c7daff755522eb52ac1d7128d87fbaed4b132d51384dd9784d6623d42b414a56a60660fdc4ee729c6fb96788ba56645d3e76a68_0
2025-06-20 07:30:31,357 - semgrep.rule_match - DEBUG - match_key = ('"..." + "..."\n $X + $Y $X.concat($Y) `...${...}...`\n $X.concat("...")\n ``Error creating unavailable preference for day day:` $UTIL = require(\'util\')\n...\n $UTIL.format(``Error creating unavailable preference for day day:`,error.message,...)\n console.error(``Error creating unavailable preference for day day:`,error.message,...)\n', PosixPath('fix-rob-preferences.js'), 'config..semgrep.vendored-rules.javascript.lang.security.audit.unsafe-formatstring') match_id = 14f84093837ef6c18d77c5392c7daff755522eb52ac1d7128d87fbaed4b132d51384dd9784d6623d42b414a56a60660fdc4ee729c6fb96788ba56645d3e76a68_0
2025-06-20 07:30:31,357 - semgrep.rule_match - DEBUG - match_key = ('', PosixPath('nginx-config-example'), 'config..semgrep.vendored-rules.generic.nginx.security.request-host-used') match_id = 77cefdf5ce68cab009359a3367566a21932252841ae70f7da35ed7a8f1ff8dda580efb0debdd3782aea59c816437fc7e79b5987086791c5848b73ca5a4a7c0e0_0
2025-06-20 07:30:31,358 - semgrep.rule_match - DEBUG - match_key = ('$host $http_host', PosixPath('nginx-config-example'), 'config..semgrep.vendored-rules.generic.nginx.security.request-host-used') match_id = 0e46e8e44df79099a563cdd3625a4d4462789f8643943ea60df7d8ab11e44adfb8d9eebea490403a0eddd793bd528dd099b8855a7eae8c8ea05c3c9bb07f656b_0
2025-06-20 07:30:31,358 - semgrep.rule_match - DEBUG - match_key = ('$host $http_host', PosixPath('nginx-config-example'), 'config..semgrep.vendored-rules.generic.nginx.security.request-host-used') match_id = 0e46e8e44df79099a563cdd3625a4d4462789f8643943ea60df7d8ab11e44adfb8d9eebea490403a0eddd793bd528dd099b8855a7eae8c8ea05c3c9bb07f656b_0
2025-06-20 07:30:31,358 - semgrep.rule_match - DEBUG - match_key = ('$host $http_host', PosixPath('nginx-config-example'), 'config..semgrep.vendored-rules.generic.nginx.security.request-host-used') match_id = 0e46e8e44df79099a563cdd3625a4d4462789f8643943ea60df7d8ab11e44adfb8d9eebea490403a0eddd793bd528dd099b8855a7eae8c8ea05c3c9bb07f656b_0
2025-06-20 07:30:31,359 - semgrep.rule_match - DEBUG - match_key = ('', PosixPath('nginx-config-example'), 'config..semgrep.vendored-rules.generic.nginx.security.request-host-used') match_id = 77cefdf5ce68cab009359a3367566a21932252841ae70f7da35ed7a8f1ff8dda580efb0debdd3782aea59c816437fc7e79b5987086791c5848b73ca5a4a7c0e0_0
2025-06-20 07:30:31,359 - semgrep.rule_match - DEBUG - match_key = ('$host $http_host', PosixPath('nginx-config-example'), 'config..semgrep.vendored-rules.generic.nginx.security.request-host-used') match_id = 0e46e8e44df79099a563cdd3625a4d4462789f8643943ea60df7d8ab11e44adfb8d9eebea490403a0eddd793bd528dd099b8855a7eae8c8ea05c3c9bb07f656b_0
2025-06-20 07:30:31,360 - semgrep.rule_match - DEBUG - match_key = ('$host $http_host', PosixPath('nginx-config-example'), 'config..semgrep.vendored-rules.generic.nginx.security.request-host-used') match_id = 0e46e8e44df79099a563cdd3625a4d4462789f8643943ea60df7d8ab11e44adfb8d9eebea490403a0eddd793bd528dd099b8855a7eae8c8ea05c3c9bb07f656b_0
2025-06-20 07:30:31,360 - semgrep.rule_match - DEBUG - match_key = ('$host $http_host', PosixPath('nginx-config-example'), 'config..semgrep.vendored-rules.generic.nginx.security.request-host-used') match_id = 0e46e8e44df79099a563cdd3625a4d4462789f8643943ea60df7d8ab11e44adfb8d9eebea490403a0eddd793bd528dd099b8855a7eae8c8ea05c3c9bb07f656b_1
2025-06-20 07:30:31,361 - semgrep.rule_match - DEBUG - match_key = ('', PosixPath('package.json'), 'config..semgrep.replit-rules.javascript.vite.security.audit.vite-vulnerability-check') match_id = a4e4b5dce58f34c9a1496689f4ee2efa0e67ebc4efa58d98fa1c3681eda9b6c475bc40ced4bc29c5d7b65d46ec30497fcaa721bd15ad973945b92cdfd84d35a6_0
2025-06-20 07:30:31,361 - semgrep.rule_match - DEBUG - match_key = ('"_shrinkwrap": {\n  ...\n} "dependencies": {\n  ...\n}\n "devDependencies": {\n  ...\n}\n "optionalDependencies": {\n  ...\n}\n "peerDependencies": {\n  ...\n}\n "vite"\\s*:\\s*"(latest|>=\\s*[0-6]\\.\\d+\\.\\d+)" "vite"\\s*:\\s*"[\\^~]?4\\.([0-4]\\.\\d+|5\\.[0-9])" "vite"\\s*:\\s*"[\\^~]?5\\.([0-3]\\.\\d+|4\\.(1[0-4]|[0-9]))" "vite"\\s*:\\s*"[\\^~]?6\\.0\\.(1[01]|[0-9])" "vite"\\s*:\\s*"[\\^~]?6\\.1\\.[01]" "vite"\\s*:\\s*"[\\^~]?6\\.2\\.[0-2]" "vite"\\s*:\\s*"\\^([0-4]\\.\\d+\\.\\d+|5\\.[0-3]\\.\\d+|5\\.4\\.(1[0-4]|[0-9])|6\\.0\\.(1[01]|[0-9])|6\\.1\\.[01]|6\\.2\\.[0-2])" "vite"\\s*:\\s*"~([0-4]\\.\\d+\\.\\d+|5\\.[0-3]\\.\\d+|5\\.4\\.(1[0-4]|[0-9])|6\\.0\\.(1[01]|[0-9])|6\\.1\\.[01]|6\\.2\\.[0-2])"', PosixPath('package.json'), 'config..semgrep.replit-rules.javascript.vite.security.audit.vite-vulnerability-check') match_id = 28eb374c3c740c790f5827e8a2209da8325485de4b8e9178600cafd6259681cb5e8fa9ebdb5fb1cf1d426e79a2585b7c333a923524b34abd54d5c492254b88bf_0
2025-06-20 07:30:31,362 - semgrep.rule_match - DEBUG - match_key = ('"_shrinkwrap": {\n  ...\n} "dependencies": {\n  ...\n}\n "devDependencies": {\n  ...\n}\n "optionalDependencies": {\n  ...\n}\n "peerDependencies": {\n  ...\n}\n "vite"\\s*:\\s*"(latest|>=\\s*[0-6]\\.\\d+\\.\\d+)" "vite"\\s*:\\s*"[\\^~]?4\\.([0-4]\\.\\d+|5\\.[0-9])" "vite"\\s*:\\s*"[\\^~]?5\\.([0-3]\\.\\d+|4\\.(1[0-4]|[0-9]))" "vite"\\s*:\\s*"[\\^~]?6\\.0\\.(1[01]|[0-9])" "vite"\\s*:\\s*"[\\^~]?6\\.1\\.[01]" "vite"\\s*:\\s*"[\\^~]?6\\.2\\.[0-2]" "vite"\\s*:\\s*"\\^([0-4]\\.\\d+\\.\\d+|5\\.[0-3]\\.\\d+|5\\.4\\.(1[0-4]|[0-9])|6\\.0\\.(1[01]|[0-9])|6\\.1\\.[01]|6\\.2\\.[0-2])" "vite"\\s*:\\s*"~([0-4]\\.\\d+\\.\\d+|5\\.[0-3]\\.\\d+|5\\.4\\.(1[0-4]|[0-9])|6\\.0\\.(1[01]|[0-9])|6\\.1\\.[01]|6\\.2\\.[0-2])"', PosixPath('package.json'), 'config..semgrep.replit-rules.javascript.vite.security.audit.vite-vulnerability-check') match_id = 28eb374c3c740c790f5827e8a2209da8325485de4b8e9178600cafd6259681cb5e8fa9ebdb5fb1cf1d426e79a2585b7c333a923524b34abd54d5c492254b88bf_0
2025-06-20 07:30:31,362 - semgrep.rule_match - DEBUG - match_key = ('"_shrinkwrap": {\n  ...\n} "dependencies": {\n  ...\n}\n "devDependencies": {\n  ...\n}\n "optionalDependencies": {\n  ...\n}\n "peerDependencies": {\n  ...\n}\n "vite"\\s*:\\s*"(latest|>=\\s*[0-6]\\.\\d+\\.\\d+)" "vite"\\s*:\\s*"[\\^~]?4\\.([0-4]\\.\\d+|5\\.[0-9])" "vite"\\s*:\\s*"[\\^~]?5\\.([0-3]\\.\\d+|4\\.(1[0-4]|[0-9]))" "vite"\\s*:\\s*"[\\^~]?6\\.0\\.(1[01]|[0-9])" "vite"\\s*:\\s*"[\\^~]?6\\.1\\.[01]" "vite"\\s*:\\s*"[\\^~]?6\\.2\\.[0-2]" "vite"\\s*:\\s*"\\^([0-4]\\.\\d+\\.\\d+|5\\.[0-3]\\.\\d+|5\\.4\\.(1[0-4]|[0-9])|6\\.0\\.(1[01]|[0-9])|6\\.1\\.[01]|6\\.2\\.[0-2])" "vite"\\s*:\\s*"~([0-4]\\.\\d+\\.\\d+|5\\.[0-3]\\.\\d+|5\\.4\\.(1[0-4]|[0-9])|6\\.0\\.(1[01]|[0-9])|6\\.1\\.[01]|6\\.2\\.[0-2])"', PosixPath('package.json'), 'config..semgrep.replit-rules.javascript.vite.security.audit.vite-vulnerability-check') match_id = 28eb374c3c740c790f5827e8a2209da8325485de4b8e9178600cafd6259681cb5e8fa9ebdb5fb1cf1d426e79a2585b7c333a923524b34abd54d5c492254b88bf_0
2025-06-20 07:30:31,363 - semgrep.rule_match - DEBUG - match_key = ('', PosixPath('server/routes.ts'), 'config..semgrep.vendored-rules.javascript.lang.security.audit.unsafe-formatstring') match_id = e24e3288a32c9ad4921da20b227a0587a0596856ea79e7c29c73137fde834094f382cf9604ac765ec32471f83cf1196712bec140c3a2b18c933a6c2a040a826f_0
2025-06-20 07:30:31,364 - semgrep.rule_match - DEBUG - match_key = ('"..." + "..."\n $X + $Y $X.concat($Y) `...${...}...`\n $X.concat("...")\n ``Found comments.length comments:` $UTIL = require(\'util\')\n...\n $UTIL.format(``Found comments.length comments:`,comments,...)\n console.log(``Found comments.length comments:`,comments,...)\n', PosixPath('server/routes.ts'), 'config..semgrep.vendored-rules.javascript.lang.security.audit.unsafe-formatstring') match_id = ca69564bf08a489893fba416fa26ee566f414581131ebb59b31ad612f6a90dbde774716400c3e612a8b8617ec4e8b81fd85ff16656ef58f85f874b9ce534228e_0
2025-06-20 07:30:31,365 - semgrep.rule_match - DEBUG - match_key = ('"..." + "..."\n $X + $Y $X.concat($Y) `...${...}...`\n $X.concat("...")\n ``Found comments.length comments:` $UTIL = require(\'util\')\n...\n $UTIL.format(``Found comments.length comments:`,comments,...)\n console.log(``Found comments.length comments:`,comments,...)\n', PosixPath('server/routes.ts'), 'config..semgrep.vendored-rules.javascript.lang.security.audit.unsafe-formatstring') match_id = ca69564bf08a489893fba416fa26ee566f414581131ebb59b31ad612f6a90dbde774716400c3e612a8b8617ec4e8b81fd85ff16656ef58f85f874b9ce534228e_0
2025-06-20 07:30:31,365 - semgrep.rule_match - DEBUG - match_key = ('"..." + "..."\n $X + $Y $X.concat($Y) `...${...}...`\n $X.concat("...")\n ``Found comments.length comments:` $UTIL = require(\'util\')\n...\n $UTIL.format(``Found comments.length comments:`,comments,...)\n console.log(``Found comments.length comments:`,comments,...)\n', PosixPath('server/routes.ts'), 'config..semgrep.vendored-rules.javascript.lang.security.audit.unsafe-formatstring') match_id = ca69564bf08a489893fba416fa26ee566f414581131ebb59b31ad612f6a90dbde774716400c3e612a8b8617ec4e8b81fd85ff16656ef58f85f874b9ce534228e_0
2025-06-20 07:30:31,447 - semgrep.core_runner - DEBUG - semgrep ran in 0:00:19.677999 on 115 files
2025-06-20 07:30:31,448 - semgrep.core_runner - DEBUG - findings summary: 2 warning, 2 error, 7 info
2025-06-20 07:30:31,450 - semgrep.app.auth - DEBUG - Getting API token from settings file
2025-06-20 07:30:31,450 - semgrep.app.auth - DEBUG - No API token found in settings file
2025-06-20 07:30:31,567 - semgrep.output - VERBOSE - 
========================================
Files skipped:
========================================

  Always skipped by Opengrep:

   • <none>

  Skipped by .gitignore:
  (Disable by passing --no-git-ignore)

   • <all files not listed by `git ls-files` were skipped>

  Skipped by .semgrepignore:
  - https://semgrep.dev/docs/ignoring-files-folders-code/#understand-semgrep-defaults

   • <none>

  Skipped by --include patterns:

   • <none>

  Skipped by --exclude patterns:

   • <none>

  Files skipped due to insufficient read permissions:

   • <none>

  Skipped by limiting to files smaller than 1000000 bytes:
  (Adjust with the --max-target-bytes flag)

   • <none>

  Partially analyzed due to parsing or internal Opengrep errors

   • tailwind.config.ts (1 lines skipped)

2025-06-20 07:30:31,568 - semgrep.output - INFO - Some files were skipped or only partially analyzed.
  Scan was limited to files tracked by git.
  Partially scanned: 1 files only partially analyzed due to parsing or internal Opengrep errors

Ran 437 rules on 115 files: 11 findings.
2025-06-20 07:30:31,569 - semgrep.app.version - DEBUG - Version cache does not exist
2025-06-20 07:30:31,581 - semgrep.metrics - VERBOSE - Not sending pseudonymous metrics since metrics are configured to OFF and registry usage is False
